2023-06-19 21:04:19.530 [info] <0.44.0> Application lager started on node nonode@nohost
2023-06-19 21:04:19.537 [info] <0.44.0> Application xmerl started on node nonode@nohost
2023-06-19 21:04:19.544 [info] <0.44.0> Application sasl started on node nonode@nohost
2023-06-19 21:04:19.544 [info] <0.44.0> Application tools started on node nonode@nohost
2023-06-19 21:04:19.544 [info] <0.44.0> Application jsx started on node nonode@nohost
2023-06-19 21:04:19.544 [info] <0.44.0> Application recon started on node nonode@nohost
2023-06-19 21:04:19.562 [info] <0.44.0> Application credentials_obfuscation started on node nonode@nohost
2023-06-19 21:04:19.562 [info] <0.44.0> Application rabbit_common started on node nonode@nohost
2023-06-19 21:04:19.577 [info] <0.44.0> Application amqp_client started on node nonode@nohost
2023-06-19 21:04:19.577 [info] <0.44.0> Application amqp started on node nonode@nohost
2023-06-19 21:04:19.664 [info] <0.44.0> Application api_test started on node nonode@nohost
2023-06-19 21:10:57.729 [info] <0.44.0> Application lager started on node nonode@nohost
2023-06-19 21:10:57.737 [info] <0.44.0> Application xmerl started on node nonode@nohost
2023-06-19 21:10:57.745 [info] <0.44.0> Application sasl started on node nonode@nohost
2023-06-19 21:10:57.745 [info] <0.44.0> Application tools started on node nonode@nohost
2023-06-19 21:10:57.745 [info] <0.44.0> Application jsx started on node nonode@nohost
2023-06-19 21:10:57.745 [info] <0.44.0> Application recon started on node nonode@nohost
2023-06-19 21:10:57.763 [info] <0.44.0> Application credentials_obfuscation started on node nonode@nohost
2023-06-19 21:10:57.763 [info] <0.44.0> Application rabbit_common started on node nonode@nohost
2023-06-19 21:10:57.778 [info] <0.44.0> Application amqp_client started on node nonode@nohost
2023-06-19 21:10:57.780 [info] <0.44.0> Application amqp started on node nonode@nohost
2023-06-19 21:10:57.864 [info] <0.44.0> Application api_test started on node nonode@nohost
2023-06-19 21:20:48.373 [info] <0.44.0> Application lager started on node nonode@nohost
2023-06-19 21:20:48.381 [info] <0.44.0> Application xmerl started on node nonode@nohost
2023-06-19 21:20:48.388 [info] <0.44.0> Application sasl started on node nonode@nohost
2023-06-19 21:20:48.388 [info] <0.44.0> Application tools started on node nonode@nohost
2023-06-19 21:20:48.388 [info] <0.44.0> Application jsx started on node nonode@nohost
2023-06-19 21:20:48.388 [info] <0.44.0> Application recon started on node nonode@nohost
2023-06-19 21:20:48.409 [info] <0.44.0> Application credentials_obfuscation started on node nonode@nohost
2023-06-19 21:20:48.409 [info] <0.44.0> Application rabbit_common started on node nonode@nohost
2023-06-19 21:20:48.427 [info] <0.44.0> Application amqp_client started on node nonode@nohost
2023-06-19 21:20:48.431 [info] <0.44.0> Application amqp started on node nonode@nohost
2023-06-19 21:20:48.570 [error] <0.589.0>@Elixir.Api.Service.Publisher:start_link CRASH REPORT Process <0.589.0> with 0 neighbours exited with reason: call to undefined function 'Elixir.Api.Service.Publisher':start_link() in application_master:init/4 line 142
2023-06-19 21:20:48.570 [info] <0.44.0>@Elixir.Api.Service.Publisher:start_link Application api_test exited with reason: call to undefined function 'Elixir.Api.Service.Publisher':start_link()
2023-06-19 21:20:48.590 [info] <0.44.0> Application amqp exited with reason: stopped
2023-06-19 21:20:48.592 [info] <0.44.0> Application amqp_client exited with reason: stopped
2023-06-19 21:20:48.592 [info] <0.44.0> Application rabbit_common exited with reason: stopped
2023-06-19 21:20:48.594 [info] <0.44.0> Application credentials_obfuscation exited with reason: stopped
2023-06-19 21:20:48.594 [info] <0.44.0> Application recon exited with reason: stopped
2023-06-19 21:20:48.594 [info] <0.44.0> Application jsx exited with reason: stopped
2023-06-19 21:20:48.594 [info] <0.44.0> Application tools exited with reason: stopped
2023-06-19 21:20:48.596 [info] <0.44.0> Application sasl exited with reason: stopped
2023-06-19 21:20:48.596 [info] <0.44.0> Application xmerl exited with reason: stopped
2023-06-19 21:22:18.164 [info] <0.44.0> Application lager started on node nonode@nohost
2023-06-19 21:22:18.170 [info] <0.44.0> Application xmerl started on node nonode@nohost
2023-06-19 21:22:18.176 [info] <0.44.0> Application sasl started on node nonode@nohost
2023-06-19 21:22:18.176 [info] <0.44.0> Application tools started on node nonode@nohost
2023-06-19 21:22:18.176 [info] <0.44.0> Application jsx started on node nonode@nohost
2023-06-19 21:22:18.176 [info] <0.44.0> Application recon started on node nonode@nohost
2023-06-19 21:22:18.192 [info] <0.44.0> Application credentials_obfuscation started on node nonode@nohost
2023-06-19 21:22:18.192 [info] <0.44.0> Application rabbit_common started on node nonode@nohost
2023-06-19 21:22:18.206 [info] <0.44.0> Application amqp_client started on node nonode@nohost
2023-06-19 21:22:18.208 [info] <0.44.0> Application amqp started on node nonode@nohost
2023-06-19 21:22:18.288 [error] <0.461.0>@Elixir.Api.Service.Publisher:start_link CRASH REPORT Process <0.461.0> with 0 neighbours exited with reason: call to undefined function 'Elixir.Api.Service.Publisher':start_link() in application_master:init/4 line 142
2023-06-19 21:22:18.288 [info] <0.44.0>@Elixir.Api.Service.Publisher:start_link Application api_test exited with reason: call to undefined function 'Elixir.Api.Service.Publisher':start_link()
2023-06-19 21:22:18.316 [info] <0.44.0> Application amqp exited with reason: stopped
2023-06-19 21:22:18.318 [info] <0.44.0> Application amqp_client exited with reason: stopped
2023-06-19 21:22:18.318 [info] <0.44.0> Application rabbit_common exited with reason: stopped
2023-06-19 21:22:18.319 [info] <0.44.0> Application credentials_obfuscation exited with reason: stopped
2023-06-19 21:22:18.320 [info] <0.44.0> Application recon exited with reason: stopped
2023-06-19 21:22:18.320 [info] <0.44.0> Application jsx exited with reason: stopped
2023-06-19 21:22:18.320 [info] <0.44.0> Application tools exited with reason: stopped
2023-06-19 21:22:18.322 [info] <0.44.0> Application sasl exited with reason: stopped
2023-06-19 21:22:18.322 [info] <0.44.0> Application xmerl exited with reason: stopped
2023-06-19 21:23:55.921 [info] <0.44.0> Application lager started on node nonode@nohost
2023-06-19 21:23:55.927 [info] <0.44.0> Application xmerl started on node nonode@nohost
2023-06-19 21:23:55.932 [info] <0.44.0> Application sasl started on node nonode@nohost
2023-06-19 21:23:55.933 [info] <0.44.0> Application tools started on node nonode@nohost
2023-06-19 21:23:55.933 [info] <0.44.0> Application jsx started on node nonode@nohost
2023-06-19 21:23:55.933 [info] <0.44.0> Application recon started on node nonode@nohost
2023-06-19 21:23:55.949 [info] <0.44.0> Application credentials_obfuscation started on node nonode@nohost
2023-06-19 21:23:55.949 [info] <0.44.0> Application rabbit_common started on node nonode@nohost
2023-06-19 21:23:55.961 [info] <0.44.0> Application amqp_client started on node nonode@nohost
2023-06-19 21:23:55.963 [info] <0.44.0> Application amqp started on node nonode@nohost
2023-06-19 21:23:56.219 [info] <0.44.0> Application api_test started on node nonode@nohost
2023-06-19 21:25:50.979 [info] <0.44.0> Application lager started on node nonode@nohost
2023-06-19 21:25:50.985 [info] <0.44.0> Application xmerl started on node nonode@nohost
2023-06-19 21:25:50.991 [info] <0.44.0> Application sasl started on node nonode@nohost
2023-06-19 21:25:50.991 [info] <0.44.0> Application tools started on node nonode@nohost
2023-06-19 21:25:50.991 [info] <0.44.0> Application jsx started on node nonode@nohost
2023-06-19 21:25:50.991 [info] <0.44.0> Application recon started on node nonode@nohost
2023-06-19 21:25:51.010 [info] <0.44.0> Application credentials_obfuscation started on node nonode@nohost
2023-06-19 21:25:51.010 [info] <0.44.0> Application rabbit_common started on node nonode@nohost
2023-06-19 21:25:51.022 [info] <0.44.0> Application amqp_client started on node nonode@nohost
2023-06-19 21:25:51.025 [info] <0.44.0> Application amqp started on node nonode@nohost
2023-06-19 21:25:51.342 [info] <0.44.0> Application api_test started on node nonode@nohost
2023-06-19 21:26:37.846 [info] <0.44.0> Application lager started on node nonode@nohost
2023-06-19 21:26:37.851 [info] <0.44.0> Application xmerl started on node nonode@nohost
2023-06-19 21:26:37.857 [info] <0.44.0> Application sasl started on node nonode@nohost
2023-06-19 21:26:37.857 [info] <0.44.0> Application tools started on node nonode@nohost
2023-06-19 21:26:37.857 [info] <0.44.0> Application jsx started on node nonode@nohost
2023-06-19 21:26:37.857 [info] <0.44.0> Application recon started on node nonode@nohost
2023-06-19 21:26:37.873 [info] <0.44.0> Application credentials_obfuscation started on node nonode@nohost
2023-06-19 21:26:37.873 [info] <0.44.0> Application rabbit_common started on node nonode@nohost
2023-06-19 21:26:37.886 [info] <0.44.0> Application amqp_client started on node nonode@nohost
2023-06-19 21:26:37.889 [info] <0.44.0> Application amqp started on node nonode@nohost
2023-06-19 21:26:38.105 [info] <0.44.0> Application api_test started on node nonode@nohost
2023-06-19 21:29:29.270 [info] <0.44.0> Application lager started on node nonode@nohost
2023-06-19 21:29:29.276 [info] <0.44.0> Application xmerl started on node nonode@nohost
2023-06-19 21:29:29.282 [info] <0.44.0> Application sasl started on node nonode@nohost
2023-06-19 21:29:29.282 [info] <0.44.0> Application tools started on node nonode@nohost
2023-06-19 21:29:29.282 [info] <0.44.0> Application jsx started on node nonode@nohost
2023-06-19 21:29:29.282 [info] <0.44.0> Application recon started on node nonode@nohost
2023-06-19 21:29:29.301 [info] <0.44.0> Application credentials_obfuscation started on node nonode@nohost
2023-06-19 21:29:29.301 [info] <0.44.0> Application rabbit_common started on node nonode@nohost
2023-06-19 21:29:29.314 [info] <0.44.0> Application amqp_client started on node nonode@nohost
2023-06-19 21:29:29.317 [info] <0.44.0> Application amqp started on node nonode@nohost
2023-06-19 21:29:29.556 [info] <0.44.0> Application api_test started on node nonode@nohost
2023-06-19 21:33:26.360 [info] <0.44.0> Application lager started on node nonode@nohost
2023-06-19 21:33:26.366 [info] <0.44.0> Application xmerl started on node nonode@nohost
2023-06-19 21:33:26.372 [info] <0.44.0> Application sasl started on node nonode@nohost
2023-06-19 21:33:26.372 [info] <0.44.0> Application tools started on node nonode@nohost
2023-06-19 21:33:26.372 [info] <0.44.0> Application jsx started on node nonode@nohost
2023-06-19 21:33:26.372 [info] <0.44.0> Application recon started on node nonode@nohost
2023-06-19 21:33:26.390 [info] <0.44.0> Application credentials_obfuscation started on node nonode@nohost
2023-06-19 21:33:26.390 [info] <0.44.0> Application rabbit_common started on node nonode@nohost
2023-06-19 21:33:26.401 [info] <0.44.0> Application amqp_client started on node nonode@nohost
2023-06-19 21:33:26.404 [info] <0.44.0> Application amqp started on node nonode@nohost
2023-06-19 21:33:26.614 [info] <0.44.0> Application api_test started on node nonode@nohost
