2023-06-19 21:20:48 =CRASH REPORT====
  crasher:
    initial call: application_master:init/4
    pid: <0.589.0>
    registered_name: []
    exception exit: {{bad_return,{{'Elixir.ApiTest.Application',start,[normal,[]]},{'EXIT',{undef,[{'Elixir.Api.Service.Publisher',start_link,[],[]},{application_master,start_it_old,4,[{file,"application_master.erl"},{line,293}]}]}}}},[{application_master,init,4,[{file,"application_master.erl"},{line,142}]},{proc_lib,init_p_do_apply,3,[{file,"proc_lib.erl"},{line,240}]}]}
    ancestors: [<0.588.0>]
    message_queue_len: 1
    messages: [{'EXIT',<0.590.0>,normal}]
    links: [<0.588.0>,<0.44.0>]
    dictionary: []
    trap_exit: true
    status: running
    heap_size: 376
    stack_size: 28
    reductions: 163
  neighbours:
2023-06-19 21:22:18 =CRASH REPORT====
  crasher:
    initial call: application_master:init/4
    pid: <0.461.0>
    registered_name: []
    exception exit: {{bad_return,{{'Elixir.ApiTest.Application',start,[normal,[]]},{'EXIT',{undef,[{'Elixir.Api.Service.Publisher',start_link,[],[]},{application_master,start_it_old,4,[{file,"application_master.erl"},{line,293}]}]}}}},[{application_master,init,4,[{file,"application_master.erl"},{line,142}]},{proc_lib,init_p_do_apply,3,[{file,"proc_lib.erl"},{line,240}]}]}
    ancestors: [<0.460.0>]
    message_queue_len: 1
    messages: [{'EXIT',<0.462.0>,normal}]
    links: [<0.460.0>,<0.44.0>]
    dictionary: []
    trap_exit: true
    status: running
    heap_size: 376
    stack_size: 28
    reductions: 163
  neighbours:
